<?xml version="1.0" encoding="UTF-8"?>
<testsuite xmlns:xsi="http://www.w3.org/2001/XMLSchema-instance" xsi:noNamespaceSchemaLocation="https://maven.apache.org/surefire/maven-surefire-plugin/xsd/surefire-test-report-3.0.xsd" version="3.0" name="dev.DevTest" time="0.482" tests="2" errors="0" skipped="0" failures="0">
  <properties>
[...]
</properties>
  <testcase name="reTestT2" classname="dev.DevTest" time="0.03">
    <system-out><![CDATA[Thread id: 14
Thread id: 15
My test fails reTest 1
My test fails reTest 2
]]></system-out>
  </testcase>
  <testcase name="reTestT1" classname="dev.DevTest" time="0.03"/>
</testsuite>